c[?7l[2J[0mSeaBIOS (version 1.16.3-debian-1.16.3-2)


iPXE (https://ipxe.org) 00:03.0 CA00 PCI2.10 PnP PMM+1EFCAF60+1EF0AF60 CA00
Press Ctrl-B to configure iPXE (PCI 00:03.0)...                                                                               


Booting from Hard Disk...
Boot failed: could not read the boot disk

Booting from Floppy...
Boot failed: could not read the boot disk

Booting from DVD/CD...
[01;01H[2J[02;30HGNU GRUB  version 2.12[04;02H┌────────────────────────────────────────────────────────────────────────────┐[05;02H│[05;79H│[06;02H│[06;79H│[07;02H│[07;79H│[08;02H│[08;79H│[09;02H│[09;79H│[10;02H│[10;79H│[11;02H│[11;79H│[12;02H│[12;79H│[13;02H│[13;79H│[14;02H│[14;79H│[15;02H│[15;79H│[16;02H│[16;79H│[17;02H│[17;79H│[18;02H└────────────────────────────────────────────────────────────────────────────┘[20;02H     Use the ↑ and ↓ keys to select which entry is highlighted.          
      Press enter t[21;19H[21;20Ho boot the selected OS, `e' to edit the commands       
      before booting or `c' for a command-line.          [22;57H[22;58H                 [05;80H [05;03H[0;30;47m*barebones OS                                                               [06;03H[0m                                                                            [07;03H                                                                            [08;03H                                                                            [09;03H    [09;06H[09;07H                                                                        [10;03H                                                                            [11;03H                                                                            [12;03H                                                                            [13;03H                [13;18H[13;19H                                                            [14;03H                                                                            [15;03H                                                                    [15;70H[15;71H        [16;03H                                                                            [17;03H                                                                            [17;80H 





   The highlighted entry will be executed automatically in 1s.                 [05;78H

















   The highlighted entry will be executed automatically in 0s.                 [01;01H[2J[2J[INFO] kernel_main: set up serial + interrupts
[INFO] kernel_main: paging initialized, kernel CR3=0x00100000
[INFO] Heap init: start=0xc0400000 next=0xc0401000
Kernel initialized, creating tasks
[INFO] task_create_user: pid=2 pd=0x00311000 stack=0xbfffe000 size=8192
Kernel initialized, starting scheduler
[INFO] PIT: Initialized at 100 Hz (divisor=11931)
[INFO] Kernel image physical range: 0x00200000 - 0x0020c420
[INFO] Kernel runtime: entering main loop
